<?xml version="1.0" encoding="UTF-8"?>
<!-- Generated by org.testng.reporters.JUnitReportReporter -->
<testsuite hostname="IP-C6134807" name="AbrosiaReports.Zest.ReportNavigation" tests="2" failures="0" timestamp="13 Mar 2019 13:29:14 GMT" time="6.219" errors="0">
  <testcase name="AmbrosiaLogin" time="5.432" classname="AbrosiaReports.Zest.ReportNavigation"/>
  <testcase name="LoginValidation2" time="0.787" classname="AbrosiaReports.Zest.ReportNavigation"/>
</testsuite> <!-- AbrosiaReports.Zest.ReportNavigation -->
