<?xml version="1.0" encoding="UTF-8"?>
<!-- Generated by org.testng.reporters.JUnitReportReporter -->
<testsuite hostname="IP-C6134807" name="AbrosiaReports.Zest.NavigateEvents" tests="1" failures="0" timestamp="29 Jul 2019 11:26:41 GMT" time="5.561" errors="0">
  <testcase name="Event1" time="5.561" classname="AbrosiaReports.Zest.NavigateEvents"/>
</testsuite> <!-- AbrosiaReports.Zest.NavigateEvents -->
