<?xml version="1.0" encoding="UTF-8"?>
<!-- Generated by org.testng.reporters.JUnitReportReporter -->
<testsuite hostname="IP-C6134807" name="AmbrosiaEvents.EventsNavigation" tests="2" failures="0" timestamp="16 Aug 2019 13:12:53 GMT" time="14.773" errors="0">
  <testcase name="clickEvent" time="6.478" classname="AmbrosiaEvents.EventsNavigation"/>
  <testcase name="selectEventRandomly" time="8.295" classname="AmbrosiaEvents.EventsNavigation"/>
</testsuite> <!-- AmbrosiaEvents.EventsNavigation -->
