<?xml version="1.0" encoding="UTF-8"?>
<!-- Generated by org.testng.reporters.JUnitReportReporter -->
<testsuite hostname="IP-C6134807" name="AmbrosiaEvents.EventsNavigation" tests="2" failures="0" timestamp="13 Aug 2019 13:08:44 GMT" time="16.399" errors="0">
  <testcase name="selectEvenRandomly" time="8.914" classname="AmbrosiaEvents.EventsNavigation"/>
  <testcase name="clickEvent" time="7.485" classname="AmbrosiaEvents.EventsNavigation"/>
</testsuite> <!-- AmbrosiaEvents.EventsNavigation -->
