<?xml version="1.0" encoding="UTF-8"?>
<!-- Generated by org.testng.reporters.JUnitReportReporter -->
<testsuite hostname="IP-C6134807" name="AbrosiaReports.Zest.LaunchAmbrosia" tests="2" failures="0" timestamp="31 Jul 2019 11:59:00 GMT" time="7.414" errors="0">
  <testcase name="AmbrosiaLogin" time="6.795" classname="AbrosiaReports.Zest.LaunchAmbrosia"/>
  <testcase name="LoginValidation" time="0.619" classname="AbrosiaReports.Zest.LaunchAmbrosia"/>
</testsuite> <!-- AbrosiaReports.Zest.LaunchAmbrosia -->
