<?xml version="1.0" encoding="UTF-8"?>
<!-- Generated by org.testng.reporters.JUnitReportReporter -->
<testsuite hostname="IP-C6134807" name="AmbrosiaEvents.ManipulateEvents" tests="2" failures="0" timestamp="2 Aug 2019 13:37:52 GMT" time="17.705" errors="0">
  <testcase name="clickEvent" time="8.652" classname="AmbrosiaEvents.ManipulateEvents"/>
  <testcase name="TakeEventsList" time="9.053" classname="AmbrosiaEvents.ManipulateEvents"/>
</testsuite> <!-- AmbrosiaEvents.ManipulateEvents -->
