<?xml version="1.0" encoding="UTF-8"?>
<!-- Generated by org.testng.reporters.JUnitReportReporter -->
<testsuite hostname="IP-C6134807" name="AbrosiaReports.Zest.ReportNavigation" tests="2" failures="0" timestamp="30 Jul 2019 08:25:12 GMT" time="6.837" errors="0">
  <testcase name="LoginValidation" time="0.064" classname="AbrosiaReports.Zest.ReportNavigation"/>
  <testcase name="AmbrosiaLogin" time="6.773" classname="AbrosiaReports.Zest.ReportNavigation"/>
</testsuite> <!-- AbrosiaReports.Zest.ReportNavigation -->
