<?xml version="1.0" encoding="UTF-8"?>
<!-- Generated by org.testng.reporters.JUnitReportReporter -->
<testsuite skipped="0" hostname="IP-C6134807" name="com.abrosia.zest.extent.reports.ExtentReportClass" tests="2" failures="0" timestamp="30 Aug 2019 14:35:47 GMT" time="0.019" errors="0">
  <testcase name="skipTest" time="0.001" classname="com.abrosia.zest.extent.reports.ExtentReportClass"/>
  <testcase name="passTest" time="0.018" classname="com.abrosia.zest.extent.reports.ExtentReportClass"/>
</testsuite> <!-- com.abrosia.zest.extent.reports.ExtentReportClass -->
