<?xml version="1.0" encoding="UTF-8"?>
<!-- Generated by org.testng.reporters.JUnitReportReporter -->
<testsuite hostname="IP-C6134807" name="AbrosiaReports.Zest.LaunchAmbrosia" tests="2" failures="0" timestamp="1 Aug 2019 13:51:36 GMT" time="11.864" errors="0">
  <testcase name="AmbrosiaLogin" time="11.257" classname="AbrosiaReports.Zest.LaunchAmbrosia"/>
  <testcase name="LoginValidation" time="0.607" classname="AbrosiaReports.Zest.LaunchAmbrosia"/>
</testsuite> <!-- AbrosiaReports.Zest.LaunchAmbrosia -->
