<?xml version="1.0" encoding="UTF-8"?>
<!-- Generated by org.testng.reporters.JUnitReportReporter -->
<testsuite hostname="IP-C6134807" name="AmbrosiaLaunchSite.LaunchAmbrosia" tests="2" failures="0" timestamp="14 Aug 2019 13:16:15 GMT" time="4.817" errors="0">
  <testcase name="LoginValidation" time="0.077" classname="AmbrosiaLaunchSite.LaunchAmbrosia"/>
  <testcase name="AmbrosiaLogin" time="4.740" classname="AmbrosiaLaunchSite.LaunchAmbrosia"/>
</testsuite> <!-- AmbrosiaLaunchSite.LaunchAmbrosia -->
