<?xml version="1.0" encoding="UTF-8"?>
<!-- Generated by org.testng.reporters.JUnitReportReporter -->
<testsuite hostname="IP-C6134807" name="AmbrosiaEvents.EventsNavigation" tests="2" failures="0" timestamp="14 Aug 2019 13:16:15 GMT" time="15.802" errors="0">
  <testcase name="selectEventRandomly" time="8.640" classname="AmbrosiaEvents.EventsNavigation"/>
  <testcase name="clickEvent" time="7.162" classname="AmbrosiaEvents.EventsNavigation"/>
</testsuite> <!-- AmbrosiaEvents.EventsNavigation -->
