<?xml version="1.0" encoding="UTF-8"?>
<!-- Generated by org.testng.reporters.JUnitReportReporter -->
<testsuite skipped="0" hostname="IP-C6134807" name="com.abrosia.zest.testcases.TC002_EventNavigation" tests="2" failures="0" timestamp="29 Aug 2019 11:27:08 GMT" time="3.919" errors="0">
  <testcase name="selectEventRandomly" time="1.783" classname="com.abrosia.zest.testcases.TC002_EventNavigation"/>
  <testcase name="clickEvent" time="2.136" classname="com.abrosia.zest.testcases.TC002_EventNavigation"/>
</testsuite> <!-- com.abrosia.zest.testcases.TC002_EventNavigation -->
