<?xml version="1.0" encoding="UTF-8"?>
<!-- Generated by org.testng.reporters.JUnitReportReporter -->
<testsuite hostname="IP-C6134807" name="AmbrosiaEvents.EventsNavigation" tests="2" failures="0" timestamp="2 Aug 2019 14:21:32 GMT" time="20.236" errors="0">
  <testcase name="clickEvent" time="9.928" classname="AmbrosiaEvents.EventsNavigation"/>
  <testcase name="TakeEventsList" time="10.308" classname="AmbrosiaEvents.EventsNavigation"/>
</testsuite> <!-- AmbrosiaEvents.EventsNavigation -->
