<?xml version="1.0" encoding="UTF-8"?>
<!-- Generated by org.testng.reporters.JUnitReportReporter -->
<testsuite hostname="IP-C6134807" name="AmbrosiaEvents.ManipulateEvents" tests="2" failures="0" timestamp="31 Jul 2019 11:59:00 GMT" time="18.449" errors="0">
  <testcase name="TakeEventsList" time="9.308" classname="AmbrosiaEvents.ManipulateEvents"/>
  <testcase name="clickEvent" time="9.141" classname="AmbrosiaEvents.ManipulateEvents"/>
</testsuite> <!-- AmbrosiaEvents.ManipulateEvents -->
