<?xml version="1.0" encoding="UTF-8"?>
<!-- Generated by org.testng.reporters.JUnitReportReporter -->
<testsuite skipped="2" hostname="IP-C6134807" name="com.abrosia.zest.testcases.LaunchAmbrosia" tests="4" failures="0" timestamp="28 Aug 2019 09:36:22 GMT" time="5.081" errors="0">
  <testcase name="AmbrosiaLogin" time="5.005" classname="com.abrosia.zest.testcases.LaunchAmbrosia"/>
  <testcase name="LoginValidation" time="0.076" classname="com.abrosia.zest.testcases.LaunchAmbrosia"/>
  <testcase name="GrabbedAllTableData" classname="com.abrosia.zest.testcases.LaunchAmbrosia">
    <skipped/>
  </testcase> <!-- GrabbedAllTableData -->
  <testcase name="OpenSelectedReport" classname="com.abrosia.zest.testcases.LaunchAmbrosia">
    <skipped/>
  </testcase> <!-- OpenSelectedReport -->
</testsuite> <!-- com.abrosia.zest.testcases.LaunchAmbrosia -->
