<?xml version="1.0" encoding="UTF-8"?>
<!-- Generated by org.testng.reporters.JUnitReportReporter -->
<testsuite hostname="IP-C6134807" name="AbrosiaReports.Zest.ReportNavigation" tests="2" failures="0" timestamp="29 Jul 2019 15:24:08 GMT" time="6.572" errors="0">
  <testcase name="AmbrosiaLogin" time="6.516" classname="AbrosiaReports.Zest.ReportNavigation"/>
  <testcase name="LoginValidation" time="0.056" classname="AbrosiaReports.Zest.ReportNavigation"/>
</testsuite> <!-- AbrosiaReports.Zest.ReportNavigation -->
