<?xml version="1.0" encoding="UTF-8"?>
<!-- Generated by org.testng.reporters.JUnitReportReporter -->
<testsuite hostname="IP-C6134807" name="AmbrosiaEvents.ManipulateEvents" tests="2" failures="0" timestamp="30 Jul 2019 14:51:32 GMT" time="13.305" errors="0">
  <testcase name="clickEvent" time="13.291" classname="AmbrosiaEvents.ManipulateEvents"/>
  <testcase name="clickEvent1" time="0.014" classname="AmbrosiaEvents.ManipulateEvents"/>
</testsuite> <!-- AmbrosiaEvents.ManipulateEvents -->
