<?xml version="1.0" encoding="UTF-8"?>
<!-- Generated by org.testng.reporters.JUnitReportReporter -->
<testsuite hostname="IP-C6134807" name="AmbrosiaEvents.ManipulateEvents" tests="2" failures="0" timestamp="1 Aug 2019 13:51:36 GMT" time="43.813" errors="0">
  <testcase name="clickEvent" time="13.684" classname="AmbrosiaEvents.ManipulateEvents"/>
  <testcase name="TakeEventsList" time="30.129" classname="AmbrosiaEvents.ManipulateEvents"/>
</testsuite> <!-- AmbrosiaEvents.ManipulateEvents -->
