<?xml version="1.0" encoding="UTF-8"?>
<!-- Generated by org.testng.reporters.JUnitReportReporter -->
<testsuite skipped="0" hostname="IP-C6134807" name="com.abrosia.zest.testcases.EventNavigation" tests="2" failures="0" timestamp="28 Aug 2019 09:36:22 GMT" time="3.619" errors="0">
  <testcase name="clickEvent" time="1.858" classname="com.abrosia.zest.testcases.EventNavigation"/>
  <testcase name="selectEventRandomly" time="1.761" classname="com.abrosia.zest.testcases.EventNavigation"/>
</testsuite> <!-- com.abrosia.zest.testcases.EventNavigation -->
