<?xml version="1.0" encoding="UTF-8"?>
<!-- Generated by org.testng.reporters.JUnitReportReporter -->
<testsuite hostname="IP-C6134807" name="AmbrosiaLaunchSite.LaunchAmbrosia" tests="2" failures="0" timestamp="2 Aug 2019 14:50:00 GMT" time="7.025" errors="0">
  <testcase name="AmbrosiaLogin" time="6.442" classname="AmbrosiaLaunchSite.LaunchAmbrosia"/>
  <testcase name="LoginValidation" time="0.583" classname="AmbrosiaLaunchSite.LaunchAmbrosia"/>
</testsuite> <!-- AmbrosiaLaunchSite.LaunchAmbrosia -->
