<?xml version="1.0" encoding="UTF-8"?>
<!-- Generated by org.testng.reporters.JUnitReportReporter -->
<testsuite skipped="0" hostname="IP-C6134807" name="com.abrosia.zest.base.BaseTest" tests="1" failures="0" timestamp="28 Aug 2019 11:26:55 GMT" time="0.006" errors="0">
  <testcase name="f" time="0.006" classname="com.abrosia.zest.base.BaseTest"/>
</testsuite> <!-- com.abrosia.zest.base.BaseTest -->
