<?xml version="1.0" encoding="UTF-8"?>
<!-- Generated by org.testng.reporters.JUnitReportReporter -->
<testsuite hostname="IP-C6134807" name="AbrosiaReports.Zest.ReportNavigation" tests="3" failures="0" timestamp="14 Mar 2019 11:56:27 GMT" time="24.018" errors="0">
  <testcase name="GrabbedAllTableData" time="14.519" classname="AbrosiaReports.Zest.ReportNavigation"/>
  <testcase name="LoginValidation" time="0.014" classname="AbrosiaReports.Zest.ReportNavigation"/>
  <testcase name="AmbrosiaLogin" time="9.485" classname="AbrosiaReports.Zest.ReportNavigation"/>
</testsuite> <!-- AbrosiaReports.Zest.ReportNavigation -->
