<?xml version="1.0" encoding="UTF-8"?>
<!-- Generated by org.testng.reporters.JUnitReportReporter -->
<testsuite hostname="IP-C6134807" name="AmbrosiaEvents.EventsNavigation" tests="2" failures="0" timestamp="6 Aug 2019 15:27:43 GMT" time="17.901" errors="0">
  <testcase name="SelectEvent" time="9.504" classname="AmbrosiaEvents.EventsNavigation"/>
  <testcase name="clickEvent" time="8.397" classname="AmbrosiaEvents.EventsNavigation"/>
</testsuite> <!-- AmbrosiaEvents.EventsNavigation -->
