<?xml version="1.0" encoding="UTF-8"?>
<!-- Generated by org.testng.reporters.JUnitReportReporter -->
<testsuite hostname="IP-C6134807" name="AmbrosiaEvents.EventsNavigation" tests="2" failures="0" timestamp="23 Aug 2019 09:51:29 GMT" time="14.547" errors="0">
  <testcase name="clickEvent" time="6.565" classname="AmbrosiaEvents.EventsNavigation"/>
  <testcase name="selectEventRandomly" time="7.982" classname="AmbrosiaEvents.EventsNavigation"/>
</testsuite> <!-- AmbrosiaEvents.EventsNavigation -->
