<?xml version="1.0" encoding="UTF-8"?>
<!-- Generated by org.testng.reporters.JUnitReportReporter -->
<testsuite hostname="IP-C6134807" name="AmbrosiaEvents.EventsNavigation" tests="2" failures="0" timestamp="2 Aug 2019 15:34:33 GMT" time="18.519" errors="0">
  <testcase name="TakeEventsList" time="9.886" classname="AmbrosiaEvents.EventsNavigation"/>
  <testcase name="clickEvent" time="8.633" classname="AmbrosiaEvents.EventsNavigation"/>
</testsuite> <!-- AmbrosiaEvents.EventsNavigation -->
