<?xml version="1.0" encoding="UTF-8"?>
<!-- Generated by org.testng.reporters.JUnitReportReporter -->
<testsuite hostname="IP-C6134807" name="AmbrosiaLaunchSite.LaunchAmbrosia" tests="2" failures="0" timestamp="8 Aug 2019 09:55:20 GMT" time="5.148" errors="0">
  <testcase name="LoginValidation" time="0.084" classname="AmbrosiaLaunchSite.LaunchAmbrosia"/>
  <testcase name="AmbrosiaLogin" time="5.064" classname="AmbrosiaLaunchSite.LaunchAmbrosia"/>
</testsuite> <!-- AmbrosiaLaunchSite.LaunchAmbrosia -->
