<?xml version="1.0" encoding="UTF-8"?>
<!-- Generated by org.testng.reporters.JUnitReportReporter -->
<testsuite hostname="IP-C6134807" name="AmbrosiaLaunchSite.LaunchAmbrosia" tests="2" failures="0" timestamp="16 Aug 2019 13:12:53 GMT" time="6.799" errors="0">
  <testcase name="LoginValidation" time="2.323" classname="AmbrosiaLaunchSite.LaunchAmbrosia"/>
  <testcase name="AmbrosiaLogin" time="4.476" classname="AmbrosiaLaunchSite.LaunchAmbrosia"/>
</testsuite> <!-- AmbrosiaLaunchSite.LaunchAmbrosia -->
