<?xml version="1.0" encoding="UTF-8"?>
<!-- Generated by org.testng.reporters.JUnitReportReporter -->
<testsuite hostname="IP-C6134807" name="AmbrosiaEvents.EventsNavigation" tests="2" failures="0" timestamp="8 Aug 2019 09:55:20 GMT" time="15.771" errors="0">
  <testcase name="clickEvent" time="6.941" classname="AmbrosiaEvents.EventsNavigation"/>
  <testcase name="SelectEvent" time="8.830" classname="AmbrosiaEvents.EventsNavigation"/>
</testsuite> <!-- AmbrosiaEvents.EventsNavigation -->
