<?xml version="1.0" encoding="UTF-8"?>
<!-- Generated by org.testng.reporters.JUnitReportReporter -->
<testsuite hostname="IP-C6134807" name="AbrosiaReports.Zest.ReportNavigation" tests="6" failures="0" timestamp="14 Mar 2019 14:39:32 GMT" time="138.039" errors="0">
  <testcase name="LoginValidation" time="0.013" classname="AbrosiaReports.Zest.ReportNavigation"/>
  <testcase name="LoginValidation" time="0.057" classname="AbrosiaReports.Zest.ReportNavigation"/>
  <testcase name="AmbrosiaLogin" time="7.032" classname="AbrosiaReports.Zest.ReportNavigation"/>
  <testcase name="OpenSelectedReport" time="0.000" classname="AbrosiaReports.Zest.ReportNavigation"/>
  <testcase name="OpenSelectedReport" time="124.091" classname="AbrosiaReports.Zest.ReportNavigation"/>
  <testcase name="AmbrosiaLogin" time="6.846" classname="AbrosiaReports.Zest.ReportNavigation"/>
</testsuite> <!-- AbrosiaReports.Zest.ReportNavigation -->
