<?xml version="1.0" encoding="UTF-8"?>
<!-- Generated by org.testng.reporters.JUnitReportReporter -->
<testsuite hostname="IP-C6134807" name="AmbrosiaEvents.ManipulateEvents" tests="1" failures="0" timestamp="29 Jul 2019 15:24:08 GMT" time="6.865" errors="0">
  <testcase name="Event1" time="6.865" classname="AmbrosiaEvents.ManipulateEvents"/>
</testsuite> <!-- AmbrosiaEvents.ManipulateEvents -->
