<?xml version="1.0" encoding="UTF-8"?>
<!-- Generated by org.testng.reporters.JUnitReportReporter -->
<testsuite skipped="0" hostname="IP-C6134807" name="com.abrosia.zest.testcases.TC002_EventNavigation" tests="2" failures="0" timestamp="30 Aug 2019 14:35:47 GMT" time="11.172" errors="0">
  <testcase name="clickEvent" time="4.742" classname="com.abrosia.zest.testcases.TC002_EventNavigation"/>
  <testcase name="selectEventRandomly" time="6.430" classname="com.abrosia.zest.testcases.TC002_EventNavigation"/>
</testsuite> <!-- com.abrosia.zest.testcases.TC002_EventNavigation -->
