<?xml version="1.0" encoding="UTF-8"?>
<!-- Generated by org.testng.reporters.JUnitReportReporter -->
<testsuite hostname="IP-C6134807" name="AbrosiaReports.Zest.ReportNavigation" tests="2" failures="0" timestamp="29 Jul 2019 11:29:59 GMT" time="6.367" errors="0">
  <testcase name="LoginValidation" time="0.013" classname="AbrosiaReports.Zest.ReportNavigation"/>
  <testcase name="AmbrosiaLogin" time="6.354" classname="AbrosiaReports.Zest.ReportNavigation"/>
</testsuite> <!-- AbrosiaReports.Zest.ReportNavigation -->
