<?xml version="1.0" encoding="UTF-8"?>
<!-- Generated by org.testng.reporters.JUnitReportReporter -->
<testsuite hostname="IP-C6134807" name="AmbrosiaLaunchSite.LaunchAmbrosia" tests="2" failures="0" timestamp="6 Aug 2019 15:27:43 GMT" time="9.448" errors="0">
  <testcase name="AmbrosiaLogin" time="5.624" classname="AmbrosiaLaunchSite.LaunchAmbrosia"/>
  <testcase name="LoginValidation" time="3.824" classname="AmbrosiaLaunchSite.LaunchAmbrosia"/>
</testsuite> <!-- AmbrosiaLaunchSite.LaunchAmbrosia -->
