<?xml version="1.0" encoding="UTF-8"?>
<!-- Generated by org.testng.reporters.JUnitReportReporter -->
<testsuite skipped="2" hostname="IP-C6134807" name="com.abrosia.zest.testcases.TC001_LaunchAmbrosia" tests="4" failures="0" timestamp="29 Aug 2019 11:27:08 GMT" time="6.333" errors="0">
  <testcase name="AmbrosiaLogin" time="6.322" classname="com.abrosia.zest.testcases.TC001_LaunchAmbrosia"/>
  <testcase name="LoginValidation" time="0.011" classname="com.abrosia.zest.testcases.TC001_LaunchAmbrosia"/>
  <testcase name="GrabbedAllTableData" classname="com.abrosia.zest.testcases.TC001_LaunchAmbrosia">
    <skipped/>
  </testcase> <!-- GrabbedAllTableData -->
  <testcase name="OpenSelectedReport" classname="com.abrosia.zest.testcases.TC001_LaunchAmbrosia">
    <skipped/>
  </testcase> <!-- OpenSelectedReport -->
</testsuite> <!-- com.abrosia.zest.testcases.TC001_LaunchAmbrosia -->
