<?xml version="1.0" encoding="UTF-8"?>
<!-- Generated by org.testng.reporters.JUnitReportReporter -->
<testsuite hostname="IP-C6134807" name="AmbrosiaEvents.ManipulateEvents" tests="2" failures="0" timestamp="1 Aug 2019 12:37:42 GMT" time="18.860" errors="0">
  <testcase name="clickEvent" time="9.327" classname="AmbrosiaEvents.ManipulateEvents"/>
  <testcase name="TakeEventsList" time="9.533" classname="AmbrosiaEvents.ManipulateEvents"/>
</testsuite> <!-- AmbrosiaEvents.ManipulateEvents -->
