<?xml version="1.0" encoding="UTF-8"?>
<!-- Generated by org.testng.reporters.JUnitReportReporter -->
<testsuite hostname="IP-C6134807" name="AbrosiaReports.Zest.ReportNavigation" tests="3" failures="0" timestamp="14 Mar 2019 10:50:43 GMT" time="18.875" errors="0">
  <testcase name="LoginValidation" time="0.014" classname="AbrosiaReports.Zest.ReportNavigation"/>
  <testcase name="Test" time="11.880" classname="AbrosiaReports.Zest.ReportNavigation"/>
  <testcase name="AmbrosiaLogin" time="6.981" classname="AbrosiaReports.Zest.ReportNavigation"/>
</testsuite> <!-- AbrosiaReports.Zest.ReportNavigation -->
