<?xml version="1.0" encoding="UTF-8"?>
<!-- Generated by org.testng.reporters.JUnitReportReporter -->
<testsuite hostname="IP-C6134807" name="AbrosiaReports.Zest.LaunchAmbrosia" tests="2" failures="0" timestamp="2 Aug 2019 13:37:52 GMT" time="7.034" errors="0">
  <testcase name="LoginValidation" time="0.570" classname="AbrosiaReports.Zest.LaunchAmbrosia"/>
  <testcase name="AmbrosiaLogin" time="6.464" classname="AbrosiaReports.Zest.LaunchAmbrosia"/>
</testsuite> <!-- AbrosiaReports.Zest.LaunchAmbrosia -->
