<?xml version="1.0" encoding="UTF-8"?>
<!-- Generated by org.testng.reporters.JUnitReportReporter -->
<testsuite hostname="IP-C6134807" name="AmbrosiaLaunchSite.LaunchAmbrosia" tests="2" failures="0" timestamp="23 Aug 2019 09:51:29 GMT" time="6.434" errors="0">
  <testcase name="AmbrosiaLogin" time="4.432" classname="AmbrosiaLaunchSite.LaunchAmbrosia"/>
  <testcase name="LoginValidation" time="2.002" classname="AmbrosiaLaunchSite.LaunchAmbrosia"/>
</testsuite> <!-- AmbrosiaLaunchSite.LaunchAmbrosia -->
