<?xml version="1.0" encoding="UTF-8"?>
<!-- Generated by org.testng.reporters.JUnitReportReporter -->
<testsuite hostname="IP-C6134807" name="AmbrosiaLaunchSite.LaunchAmbrosia" tests="2" failures="0" timestamp="2 Aug 2019 15:34:33 GMT" time="7.550" errors="0">
  <testcase name="LoginValidation" time="0.622" classname="AmbrosiaLaunchSite.LaunchAmbrosia"/>
  <testcase name="AmbrosiaLogin" time="6.928" classname="AmbrosiaLaunchSite.LaunchAmbrosia"/>
</testsuite> <!-- AmbrosiaLaunchSite.LaunchAmbrosia -->
