<?xml version="1.0" encoding="UTF-8"?>
<!-- Generated by org.testng.reporters.JUnitReportReporter -->
<testsuite hostname="IP-C6134807" name="AmbrosiaLaunchSite.LaunchAmbrosia" tests="2" failures="0" timestamp="2 Aug 2019 14:21:32 GMT" time="8.067" errors="0">
  <testcase name="AmbrosiaLogin" time="7.425" classname="AmbrosiaLaunchSite.LaunchAmbrosia"/>
  <testcase name="LoginValidation" time="0.642" classname="AmbrosiaLaunchSite.LaunchAmbrosia"/>
</testsuite> <!-- AmbrosiaLaunchSite.LaunchAmbrosia -->
