<?xml version="1.0" encoding="UTF-8"?>
<!-- Generated by org.testng.reporters.JUnitReportReporter -->
<testsuite hostname="IP-C6134807" name="AbrosiaReports.Zest.LaunchAmbrosia" tests="2" failures="0" timestamp="30 Jul 2019 14:51:32 GMT" time="7.942" errors="0">
  <testcase name="LoginValidation" time="0.680" classname="AbrosiaReports.Zest.LaunchAmbrosia"/>
  <testcase name="AmbrosiaLogin" time="7.262" classname="AbrosiaReports.Zest.LaunchAmbrosia"/>
</testsuite> <!-- AbrosiaReports.Zest.LaunchAmbrosia -->
