<?xml version="1.0" encoding="UTF-8"?>
<!-- Generated by org.testng.reporters.JUnitReportReporter -->
<testsuite hostname="IP-C6134807" name="AmbrosiaEvents.EventsNavigation" tests="3" failures="0" timestamp="6 Aug 2019 09:14:05 GMT" time="40.964" errors="0">
  <testcase name="GetRecordDetails" time="0.024" classname="AmbrosiaEvents.EventsNavigation"/>
  <testcase name="SelectEvent" time="22.000" classname="AmbrosiaEvents.EventsNavigation"/>
  <testcase name="clickEvent" time="18.940" classname="AmbrosiaEvents.EventsNavigation"/>
</testsuite> <!-- AmbrosiaEvents.EventsNavigation -->
