<?xml version="1.0" encoding="UTF-8"?>
<!-- Generated by org.testng.reporters.JUnitReportReporter -->
<testsuite hostname="IP-C6134807" name="AmbrosiaEvents.EventsNavigation" tests="2" failures="0" timestamp="2 Aug 2019 13:59:32 GMT" time="17.317" errors="0">
  <testcase name="clickEvent" time="8.506" classname="AmbrosiaEvents.EventsNavigation"/>
  <testcase name="TakeEventsList" time="8.811" classname="AmbrosiaEvents.EventsNavigation"/>
</testsuite> <!-- AmbrosiaEvents.EventsNavigation -->
