<?xml version="1.0" encoding="UTF-8"?>
<!-- Generated by org.testng.reporters.JUnitReportReporter -->
<testsuite hostname="IP-C6134807" name="AmbrosiaEvents.EventsNavigation" tests="2" failures="0" timestamp="8 Aug 2019 10:17:52 GMT" time="14.689" errors="0">
  <testcase name="SelectEvent" time="8.597" classname="AmbrosiaEvents.EventsNavigation"/>
  <testcase name="clickEvent" time="6.092" classname="AmbrosiaEvents.EventsNavigation"/>
</testsuite> <!-- AmbrosiaEvents.EventsNavigation -->
