<?xml version="1.0" encoding="UTF-8"?>
<!-- Generated by org.testng.reporters.JUnitReportReporter -->
<testsuite skipped="0" hostname="IP-C6134807" name="com.abrosia.zest.testcases.TC002_EventNavigation" tests="2" failures="0" timestamp="28 Aug 2019 15:35:36 GMT" time="3.934" errors="0">
  <testcase name="clickEvent" time="1.683" classname="com.abrosia.zest.testcases.TC002_EventNavigation"/>
  <testcase name="selectEventRandomly" time="2.251" classname="com.abrosia.zest.testcases.TC002_EventNavigation"/>
</testsuite> <!-- com.abrosia.zest.testcases.TC002_EventNavigation -->
