<?xml version="1.0" encoding="UTF-8"?>
<!-- Generated by org.testng.reporters.JUnitReportReporter -->
<testsuite skipped="2" hostname="IP-C6134807" name="com.abrosia.zest.testcases.TC001_LaunchAmbrosia" tests="4" failures="0" timestamp="30 Aug 2019 14:35:47 GMT" time="34.800" errors="0">
  <testcase name="AmbrosiaLogin" time="34.680" classname="com.abrosia.zest.testcases.TC001_LaunchAmbrosia"/>
  <testcase name="LoginValidation" time="0.120" classname="com.abrosia.zest.testcases.TC001_LaunchAmbrosia"/>
  <testcase name="GrabbedAllTableData" classname="com.abrosia.zest.testcases.TC001_LaunchAmbrosia">
    <skipped/>
  </testcase> <!-- GrabbedAllTableData -->
  <testcase name="OpenSelectedReport" classname="com.abrosia.zest.testcases.TC001_LaunchAmbrosia">
    <skipped/>
  </testcase> <!-- OpenSelectedReport -->
</testsuite> <!-- com.abrosia.zest.testcases.TC001_LaunchAmbrosia -->
