<?xml version="1.0" encoding="UTF-8"?>
<!-- Generated by org.testng.reporters.JUnitReportReporter -->
<testsuite hostname="IP-C6134807" name="AbrosiaReports.Zest.LaunchAmbrosia" tests="2" failures="0" timestamp="1 Aug 2019 12:37:42 GMT" time="7.655" errors="0">
  <testcase name="LoginValidation" time="0.623" classname="AbrosiaReports.Zest.LaunchAmbrosia"/>
  <testcase name="AmbrosiaLogin" time="7.032" classname="AbrosiaReports.Zest.LaunchAmbrosia"/>
</testsuite> <!-- AbrosiaReports.Zest.LaunchAmbrosia -->
