<?xml version="1.0" encoding="UTF-8"?>
<!-- Generated by org.testng.reporters.JUnitReportReporter -->
<testsuite hostname="IP-C6134807" name="AmbrosiaEvents.EventsNavigation" tests="2" failures="0" timestamp="6 Aug 2019 14:51:59 GMT" time="18.255" errors="0">
  <testcase name="SelectEvent" time="9.903" classname="AmbrosiaEvents.EventsNavigation"/>
  <testcase name="clickEvent" time="8.352" classname="AmbrosiaEvents.EventsNavigation"/>
</testsuite> <!-- AmbrosiaEvents.EventsNavigation -->
